[31mfailed to load config from D:\ryudev_area\tempmail\frontend\vite.config.js[39m
[31merror when starting dev server:
Error: spawn EPERM
    at ChildProcess.spawn (node:internal/child_process:420:11)
    at Object.spawn (node:child_process:762:9)
    at ensureServiceIsRunning (D:\ryudev_area\tempmail\node_modules\esbuild\lib\main.js:1978:29)
    at build (D:\ryudev_area\tempmail\node_modules\esbuild\lib\main.js:1876:26)
    at bundleConfigFile (file:///D:/ryudev_area/tempmail/node_modules/vite/dist/node/chunks/dep-Dq2t6Dq0.js:49343:24)
    at async bundleAndLoadConfigFile (file:///D:/ryudev_area/tempmail/node_modules/vite/dist/node/chunks/dep-Dq2t6Dq0.js:49327:19)
    at async loadConfigFromFile (file:///D:/ryudev_area/tempmail/node_modules/vite/dist/node/chunks/dep-Dq2t6Dq0.js:49291:44)
    at async resolveConfig (file:///D:/ryudev_area/tempmail/node_modules/vite/dist/node/chunks/dep-Dq2t6Dq0.js:48786:24)
    at async _createServer (file:///D:/ryudev_area/tempmail/node_modules/vite/dist/node/chunks/dep-Dq2t6Dq0.js:38373:66)
    at async CAC.<anonymous> (file:///D:/ryudev_area/tempmail/node_modules/vite/dist/node/cli.js:753:20)[39m
npm error Lifecycle script `dev` failed with error:
npm error code 1
npm error path D:\ryudev_area\tempmail\frontend
npm error workspace @ryudev-temp-mail/frontend@1.0.0
npm error location D:\ryudev_area\tempmail\frontend
npm error command failed
npm error command C:\Windows\system32\cmd.exe /d /s /c vite --host 127.0.0.1
